=====================================================================================
Removing folder PROCUREMENT and creating new one...
Removing folder RDTE and creating new one...
=====================================================================================
Preparing to download files...
Creating folder /data/dod-2016-basebudget-justification-books/PROCUREMENT/2016/NAVY_AIRCRAFT_BA1-4
-------------------------------------------------------------------------------------
Getting http://www.finance.hq.navy.mil/fmb/16pres/APN_BA1-4_BOOK.pdf and putting into folder /data/dod-2016-basebudget-justification-books/PROCUREMENT/2016/NAVY_AIRCRAFT_BA1-4...
curl --url http://www.finance.hq.navy.mil/fmb/16pres/APN_BA1-4_BOOK.pdf --output /data/dod-2016-basebudget-justification-books/PROCUREMENT/2016/NAVY_AIRCRAFT_BA1-4/APN_BA1-4_BOOK.pdf
-------------------------------------------------------------------------------------
----FILE SUCCESSFULLY DOWNLOADED (5403490)----
-------------------------------------------------------------------------------------
Extracting attachments from /data/dod-2016-basebudget-justification-books/PROCUREMENT/2016/NAVY_AIRCRAFT_BA1-4/APN_BA1-4_BOOK.pdf...
Unzipping PROCUREMENT_JustificationBook_Navy_PB_2016.zzz...
Unzipping PROCUREMENT_MasterJustificationBook_Navy_PB_2016.zzz...
=====================================================================================
Creating folder /data/dod-2016-basebudget-justification-books/PROCUREMENT/2016/NAVY_AIRCRAFT_BA5
-------------------------------------------------------------------------------------
Getting http://www.finance.hq.navy.mil/fmb/16pres/APN_BA5_BOOK.pdf and putting into folder /data/dod-2016-basebudget-justification-books/PROCUREMENT/2016/NAVY_AIRCRAFT_BA5...
curl --url http://www.finance.hq.navy.mil/fmb/16pres/APN_BA5_BOOK.pdf --output /data/dod-2016-basebudget-justification-books/PROCUREMENT/2016/NAVY_AIRCRAFT_BA5/APN_BA5_BOOK.pdf
-------------------------------------------------------------------------------------
----FILE SUCCESSFULLY DOWNLOADED (15371341)----
-------------------------------------------------------------------------------------
Extracting attachments from /data/dod-2016-basebudget-justification-books/PROCUREMENT/2016/NAVY_AIRCRAFT_BA5/APN_BA5_BOOK.pdf...
Unzipping PROCUREMENT_JustificationBook_Navy_PB_2016.zzz...
Unzipping PROCUREMENT_MasterJustificationBook_Navy_PB_2016.zzz...
=====================================================================================
Creating folder /data/dod-2016-basebudget-justification-books/PROCUREMENT/2016/NAVY_AIRCRAFT_BA6
-------------------------------------------------------------------------------------
Getting http://www.finance.hq.navy.mil/fmb/16pres/APN_BA6_BOOK.pdf and putting into folder /data/dod-2016-basebudget-justification-books/PROCUREMENT/2016/NAVY_AIRCRAFT_BA6...
curl --url http://www.finance.hq.navy.mil/fmb/16pres/APN_BA6_BOOK.pdf --output /data/dod-2016-basebudget-justification-books/PROCUREMENT/2016/NAVY_AIRCRAFT_BA6/APN_BA6_BOOK.pdf
-------------------------------------------------------------------------------------
----FILE SUCCESSFULLY DOWNLOADED (2591087)----
-------------------------------------------------------------------------------------
Extracting attachments from /data/dod-2016-basebudget-justification-books/PROCUREMENT/2016/NAVY_AIRCRAFT_BA6/APN_BA6_BOOK.pdf...
Unzipping PROCUREMENT_JustificationBook_Navy_PB_2016.zzz...
Unzipping PROCUREMENT_MasterJustificationBook_Navy_PB_2016.zzz...
=====================================================================================
Creating folder /data/dod-2016-basebudget-justification-books/PROCUREMENT/2016/NAVY_AIRCRAFT_BA7
-------------------------------------------------------------------------------------
Getting http://www.finance.hq.navy.mil/fmb/16pres/APN_BA7_BOOK.pdf and putting into folder /data/dod-2016-basebudget-justification-books/PROCUREMENT/2016/NAVY_AIRCRAFT_BA7...
curl --url http://www.finance.hq.navy.mil/fmb/16pres/APN_BA7_BOOK.pdf --output /data/dod-2016-basebudget-justification-books/PROCUREMENT/2016/NAVY_AIRCRAFT_BA7/APN_BA7_BOOK.pdf
-------------------------------------------------------------------------------------
----FILE SUCCESSFULLY DOWNLOADED (3823531)----
-------------------------------------------------------------------------------------
Extracting attachments from /data/dod-2016-basebudget-justification-books/PROCUREMENT/2016/NAVY_AIRCRAFT_BA7/APN_BA7_BOOK.pdf...
Unzipping PROCUREMENT_JustificationBook_Navy_PB_2016.zzz...
Unzipping PROCUREMENT_MasterJustificationBook_Navy_PB_2016.zzz...
=====================================================================================
Creating folder /data/dod-2016-basebudget-justification-books/PROCUREMENT/2016/NAVY_WEAPONS
-------------------------------------------------------------------------------------
Getting http://www.finance.hq.navy.mil/fmb/16pres/WPN_BOOK.PDF and putting into folder /data/dod-2016-basebudget-justification-books/PROCUREMENT/2016/NAVY_WEAPONS...
curl --url http://www.finance.hq.navy.mil/fmb/16pres/WPN_BOOK.PDF --output /data/dod-2016-basebudget-justification-books/PROCUREMENT/2016/NAVY_WEAPONS/WPN_BOOK.PDF
-------------------------------------------------------------------------------------
----FILE SUCCESSFULLY DOWNLOADED (5955349)----
-------------------------------------------------------------------------------------
Extracting attachments from /data/dod-2016-basebudget-justification-books/PROCUREMENT/2016/NAVY_WEAPONS/WPN_BOOK.PDF...
Unzipping PROCUREMENT_JustificationBook_Navy_PB_2016.zzz...
Unzipping PROCUREMENT_MasterJustificationBook_Navy_PB_2016.zzz...
=====================================================================================
Creating folder /data/dod-2016-basebudget-justification-books/PROCUREMENT/2016/NAVY_OTHER_BA1
-------------------------------------------------------------------------------------
Getting http://www.finance.hq.navy.mil/fmb/16pres/OPN_BA1_BOOK.pdf and putting into folder /data/dod-2016-basebudget-justification-books/PROCUREMENT/2016/NAVY_OTHER_BA1...
curl --url http://www.finance.hq.navy.mil/fmb/16pres/OPN_BA1_BOOK.pdf --output /data/dod-2016-basebudget-justification-books/PROCUREMENT/2016/NAVY_OTHER_BA1/OPN_BA1_BOOK.pdf
-------------------------------------------------------------------------------------
----FILE SUCCESSFULLY DOWNLOADED (11685356)----
-------------------------------------------------------------------------------------
Extracting attachments from /data/dod-2016-basebudget-justification-books/PROCUREMENT/2016/NAVY_OTHER_BA1/OPN_BA1_BOOK.pdf...
Unzipping PROCUREMENT_JustificationBook_Navy_PB_2016.zzz...
Unzipping PROCUREMENT_MasterJustificationBook_Navy_PB_2016.zzz...
=====================================================================================
Creating folder /data/dod-2016-basebudget-justification-books/PROCUREMENT/2016/NAVY_OTHER_BA2
-------------------------------------------------------------------------------------
Getting http://www.finance.hq.navy.mil/fmb/16pres/OPN_BA2_BOOK.pdf and putting into folder /data/dod-2016-basebudget-justification-books/PROCUREMENT/2016/NAVY_OTHER_BA2...
curl --url http://www.finance.hq.navy.mil/fmb/16pres/OPN_BA2_BOOK.pdf --output /data/dod-2016-basebudget-justification-books/PROCUREMENT/2016/NAVY_OTHER_BA2/OPN_BA2_BOOK.pdf
-------------------------------------------------------------------------------------
----FILE SUCCESSFULLY DOWNLOADED (15129477)----
-------------------------------------------------------------------------------------
Extracting attachments from /data/dod-2016-basebudget-justification-books/PROCUREMENT/2016/NAVY_OTHER_BA2/OPN_BA2_BOOK.pdf...
Unzipping PROCUREMENT_JustificationBook_Navy_PB_2016.zzz...
Unzipping PROCUREMENT_MasterJustificationBook_Navy_PB_2016.zzz...
=====================================================================================
Creating folder /data/dod-2016-basebudget-justification-books/PROCUREMENT/2016/NAVY_OTHER_BA3
-------------------------------------------------------------------------------------
Getting http://www.finance.hq.navy.mil/fmb/16pres/OPN_BA3_BOOK.pdf and putting into folder /data/dod-2016-basebudget-justification-books/PROCUREMENT/2016/NAVY_OTHER_BA3...
curl --url http://www.finance.hq.navy.mil/fmb/16pres/OPN_BA3_BOOK.pdf --output /data/dod-2016-basebudget-justification-books/PROCUREMENT/2016/NAVY_OTHER_BA3/OPN_BA3_BOOK.pdf
-------------------------------------------------------------------------------------
----FILE SUCCESSFULLY DOWNLOADED (5726621)----
-------------------------------------------------------------------------------------
Extracting attachments from /data/dod-2016-basebudget-justification-books/PROCUREMENT/2016/NAVY_OTHER_BA3/OPN_BA3_BOOK.pdf...
Unzipping PROCUREMENT_JustificationBook_Navy_PB_2016.zzz...
Unzipping PROCUREMENT_MasterJustificationBook_Navy_PB_2016.zzz...
=====================================================================================
Creating folder /data/dod-2016-basebudget-justification-books/PROCUREMENT/2016/NAVY_OTHER_BA4
-------------------------------------------------------------------------------------
Getting http://www.finance.hq.navy.mil/fmb/16pres/OPN_BA4_BOOK.pdf and putting into folder /data/dod-2016-basebudget-justification-books/PROCUREMENT/2016/NAVY_OTHER_BA4...
curl --url http://www.finance.hq.navy.mil/fmb/16pres/OPN_BA4_BOOK.pdf --output /data/dod-2016-basebudget-justification-books/PROCUREMENT/2016/NAVY_OTHER_BA4/OPN_BA4_BOOK.pdf
-------------------------------------------------------------------------------------
----FILE SUCCESSFULLY DOWNLOADED (6979094)----
-------------------------------------------------------------------------------------
Extracting attachments from /data/dod-2016-basebudget-justification-books/PROCUREMENT/2016/NAVY_OTHER_BA4/OPN_BA4_BOOK.pdf...
Unzipping PROCUREMENT_JustificationBook_Navy_PB_2016.zzz...
Unzipping PROCUREMENT_MasterJustificationBook_Navy_PB_2016.zzz...
=====================================================================================
Creating folder /data/dod-2016-basebudget-justification-books/PROCUREMENT/2016/NAVY_OTHER_BA5-8
-------------------------------------------------------------------------------------
Getting http://www.finance.hq.navy.mil/fmb/16pres/OPN_BA_5-8_Book.pdf and putting into folder /data/dod-2016-basebudget-justification-books/PROCUREMENT/2016/NAVY_OTHER_BA5-8...
curl --url http://www.finance.hq.navy.mil/fmb/16pres/OPN_BA_5-8_Book.pdf --output /data/dod-2016-basebudget-justification-books/PROCUREMENT/2016/NAVY_OTHER_BA5-8/OPN_BA_5-8_Book.pdf
-------------------------------------------------------------------------------------
----FILE SUCCESSFULLY DOWNLOADED (5870885)----
-------------------------------------------------------------------------------------
Extracting attachments from /data/dod-2016-basebudget-justification-books/PROCUREMENT/2016/NAVY_OTHER_BA5-8/OPN_BA_5-8_Book.pdf...
Unzipping PROCUREMENT_JustificationBook_Navy_PB_2016.zzz...
Unzipping PROCUREMENT_MasterJustificationBook_Navy_PB_2016.zzz...
=====================================================================================
Creating folder /data/dod-2016-basebudget-justification-books/PROCUREMENT/2016/NAVY_SHIPBUILDINGANDCOVERSION
-------------------------------------------------------------------------------------
Getting http://www.finance.hq.navy.mil/fmb/16pres/SCN_BOOK.pdf and putting into folder /data/dod-2016-basebudget-justification-books/PROCUREMENT/2016/NAVY_SHIPBUILDINGANDCOVERSION...
curl --url http://www.finance.hq.navy.mil/fmb/16pres/SCN_BOOK.pdf --output /data/dod-2016-basebudget-justification-books/PROCUREMENT/2016/NAVY_SHIPBUILDINGANDCOVERSION/SCN_BOOK.pdf
-------------------------------------------------------------------------------------
----FILE SUCCESSFULLY DOWNLOADED (709137)----
-------------------------------------------------------------------------------------
Extracting attachments from /data/dod-2016-basebudget-justification-books/PROCUREMENT/2016/NAVY_SHIPBUILDINGANDCOVERSION/SCN_BOOK.pdf...
=====================================================================================
Creating folder /data/dod-2016-basebudget-justification-books/PROCUREMENT/2016/NAVY_MARINECORPS
-------------------------------------------------------------------------------------
Getting http://www.finance.hq.navy.mil/fmb/16pres/PMC_Book.pdf and putting into folder /data/dod-2016-basebudget-justification-books/PROCUREMENT/2016/NAVY_MARINECORPS...
curl --url http://www.finance.hq.navy.mil/fmb/16pres/PMC_Book.pdf --output /data/dod-2016-basebudget-justification-books/PROCUREMENT/2016/NAVY_MARINECORPS/PMC_Book.pdf
-------------------------------------------------------------------------------------
----FILE SUCCESSFULLY DOWNLOADED (4935571)----
-------------------------------------------------------------------------------------
Extracting attachments from /data/dod-2016-basebudget-justification-books/PROCUREMENT/2016/NAVY_MARINECORPS/PMC_Book.pdf...
Unzipping PROCUREMENT_JustificationBook_Navy_PB_2016.zzz...
Unzipping PROCUREMENT_MasterJustificationBook_Navy_PB_2016.zzz...
=====================================================================================
Creating folder /data/dod-2016-basebudget-justification-books/PROCUREMENT/2016/NAVY_AMMUNITION_VOL1
-------------------------------------------------------------------------------------
Getting http://www.finance.hq.navy.mil/fmb/16pres/PANMC_1_BOOK.pdf and putting into folder /data/dod-2016-basebudget-justification-books/PROCUREMENT/2016/NAVY_AMMUNITION_VOL1...
curl --url http://www.finance.hq.navy.mil/fmb/16pres/PANMC_1_BOOK.pdf --output /data/dod-2016-basebudget-justification-books/PROCUREMENT/2016/NAVY_AMMUNITION_VOL1/PANMC_1_BOOK.pdf
-------------------------------------------------------------------------------------
----FILE SUCCESSFULLY DOWNLOADED (5133893)----
-------------------------------------------------------------------------------------
Extracting attachments from /data/dod-2016-basebudget-justification-books/PROCUREMENT/2016/NAVY_AMMUNITION_VOL1/PANMC_1_BOOK.pdf...
Unzipping PROCUREMENT_JustificationBook_Navy_PB_2016.zzz...
Unzipping PROCUREMENT_MasterJustificationBook_Navy_PB_2016.zzz...
=====================================================================================
Creating folder /data/dod-2016-basebudget-justification-books/PROCUREMENT/2016/NAVY_AMMUNITION_VOL2
-------------------------------------------------------------------------------------
Getting http://www.finance.hq.navy.mil/fmb/16pres/PANMC_2_BOOK.pdf and putting into folder /data/dod-2016-basebudget-justification-books/PROCUREMENT/2016/NAVY_AMMUNITION_VOL2...
curl --url http://www.finance.hq.navy.mil/fmb/16pres/PANMC_2_BOOK.pdf --output /data/dod-2016-basebudget-justification-books/PROCUREMENT/2016/NAVY_AMMUNITION_VOL2/PANMC_2_BOOK.pdf
-------------------------------------------------------------------------------------
----FILE SUCCESSFULLY DOWNLOADED (3178429)----
-------------------------------------------------------------------------------------
Extracting attachments from /data/dod-2016-basebudget-justification-books/PROCUREMENT/2016/NAVY_AMMUNITION_VOL2/PANMC_2_BOOK.pdf...
Unzipping PROCUREMENT_JustificationBook_Navy_PB_2016.zzz...
Unzipping PROCUREMENT_MasterJustificationBook_Navy_PB_2016.zzz...
=====================================================================================
Creating folder /data/dod-2016-basebudget-justification-books/PROCUREMENT/2016/NAVY_NDSF
-------------------------------------------------------------------------------------
Getting http://www.finance.hq.navy.mil/FMB/16Pres/NDSF_book.pdf and putting into folder /data/dod-2016-basebudget-justification-books/PROCUREMENT/2016/NAVY_NDSF...
curl --url http://www.finance.hq.navy.mil/FMB/16Pres/NDSF_book.pdf --output /data/dod-2016-basebudget-justification-books/PROCUREMENT/2016/NAVY_NDSF/NDSF_book.pdf
-------------------------------------------------------------------------------------
----FILE SUCCESSFULLY DOWNLOADED (342760)----
-------------------------------------------------------------------------------------
Extracting attachments from /data/dod-2016-basebudget-justification-books/PROCUREMENT/2016/NAVY_NDSF/NDSF_book.pdf...
=====================================================================================
Creating folder /data/dod-2016-basebudget-justification-books/PROCUREMENT/2016/AIRFORCE_AIRCRAFT_VOL1
-------------------------------------------------------------------------------------
Getting http://www.saffm.hq.af.mil/shared/media/document/AFD-150130-006.pdf and putting into folder /data/dod-2016-basebudget-justification-books/PROCUREMENT/2016/AIRFORCE_AIRCRAFT_VOL1...
curl --url http://www.saffm.hq.af.mil/shared/media/document/AFD-150130-006.pdf --output /data/dod-2016-basebudget-justification-books/PROCUREMENT/2016/AIRFORCE_AIRCRAFT_VOL1/AFD-150130-006.pdf
-------------------------------------------------------------------------------------
----FILE SUCCESSFULLY DOWNLOADED (5037358)----
-------------------------------------------------------------------------------------
Extracting attachments from /data/dod-2016-basebudget-justification-books/PROCUREMENT/2016/AIRFORCE_AIRCRAFT_VOL1/AFD-150130-006.pdf...
Unzipping PROCUREMENT_JustificationBook_Air_Force_PB_2016.zzz...
Unzipping PROCUREMENT_MasterJustificationBook_Air_Force_PB_2016.zzz...
=====================================================================================
Creating folder /data/dod-2016-basebudget-justification-books/PROCUREMENT/2016/AIRFORCE_AIRCRAFT_VOL2
-------------------------------------------------------------------------------------
Getting http://www.saffm.hq.af.mil/shared/media/document/AFD-150130-007.pdf and putting into folder /data/dod-2016-basebudget-justification-books/PROCUREMENT/2016/AIRFORCE_AIRCRAFT_VOL2...
curl --url http://www.saffm.hq.af.mil/shared/media/document/AFD-150130-007.pdf --output /data/dod-2016-basebudget-justification-books/PROCUREMENT/2016/AIRFORCE_AIRCRAFT_VOL2/AFD-150130-007.pdf
-------------------------------------------------------------------------------------
----FILE SUCCESSFULLY DOWNLOADED (6239891)----
-------------------------------------------------------------------------------------
Extracting attachments from /data/dod-2016-basebudget-justification-books/PROCUREMENT/2016/AIRFORCE_AIRCRAFT_VOL2/AFD-150130-007.pdf...
Unzipping PROCUREMENT_JustificationBook_Air_Force_PB_2016.zzz...
Unzipping PROCUREMENT_MasterJustificationBook_Air_Force_PB_2016.zzz...
=====================================================================================
Creating folder /data/dod-2016-basebudget-justification-books/PROCUREMENT/2016/AIRFORCE_AMMUNITION
-------------------------------------------------------------------------------------
Getting http://www.saffm.hq.af.mil/shared/media/document/AFD-150130-008.pdf and putting into folder /data/dod-2016-basebudget-justification-books/PROCUREMENT/2016/AIRFORCE_AMMUNITION...
curl --url http://www.saffm.hq.af.mil/shared/media/document/AFD-150130-008.pdf --output /data/dod-2016-basebudget-justification-books/PROCUREMENT/2016/AIRFORCE_AMMUNITION/AFD-150130-008.pdf
-------------------------------------------------------------------------------------
----FILE SUCCESSFULLY DOWNLOADED (3020317)----
-------------------------------------------------------------------------------------
Extracting attachments from /data/dod-2016-basebudget-justification-books/PROCUREMENT/2016/AIRFORCE_AMMUNITION/AFD-150130-008.pdf...
Unzipping PROCUREMENT_JustificationBook_Air_Force_PB_2016.zzz...
Unzipping PROCUREMENT_MasterJustificationBook_Air_Force_PB_2016.zzz...
=====================================================================================
Creating folder /data/dod-2016-basebudget-justification-books/PROCUREMENT/2016/AIRFORCE_MISSILE
-------------------------------------------------------------------------------------
Getting http://www.saffm.hq.af.mil/shared/media/document/AFD-150130-005.pdf and putting into folder /data/dod-2016-basebudget-justification-books/PROCUREMENT/2016/AIRFORCE_MISSILE...
curl --url http://www.saffm.hq.af.mil/shared/media/document/AFD-150130-005.pdf --output /data/dod-2016-basebudget-justification-books/PROCUREMENT/2016/AIRFORCE_MISSILE/AFD-150130-005.pdf
-------------------------------------------------------------------------------------
----FILE SUCCESSFULLY DOWNLOADED (4724718)----
-------------------------------------------------------------------------------------
Extracting attachments from /data/dod-2016-basebudget-justification-books/PROCUREMENT/2016/AIRFORCE_MISSILE/AFD-150130-005.pdf...
Unzipping PROCUREMENT_JustificationBook_Air_Force_PB_2016.zzz...
Unzipping PROCUREMENT_MasterJustificationBook_Air_Force_PB_2016.zzz...
=====================================================================================
Creating folder /data/dod-2016-basebudget-justification-books/PROCUREMENT/2016/AIRFORCE_OTHER
-------------------------------------------------------------------------------------
Getting http://www.saffm.hq.af.mil/shared/media/document/AFD-150130-004.pdf and putting into folder /data/dod-2016-basebudget-justification-books/PROCUREMENT/2016/AIRFORCE_OTHER...
curl --url http://www.saffm.hq.af.mil/shared/media/document/AFD-150130-004.pdf --output /data/dod-2016-basebudget-justification-books/PROCUREMENT/2016/AIRFORCE_OTHER/AFD-150130-004.pdf
-------------------------------------------------------------------------------------
----FILE SUCCESSFULLY DOWNLOADED (7106992)----
-------------------------------------------------------------------------------------
Extracting attachments from /data/dod-2016-basebudget-justification-books/PROCUREMENT/2016/AIRFORCE_OTHER/AFD-150130-004.pdf...
Unzipping PROCUREMENT_JustificationBook_Air_Force_PB_2016.zzz...
Unzipping PROCUREMENT_MasterJustificationBook_Air_Force_PB_2016.zzz...
=====================================================================================
Creating folder /data/dod-2016-basebudget-justification-books/PROCUREMENT/2016/AIRFORCE_SPACE
-------------------------------------------------------------------------------------
Getting http://www.saffm.hq.af.mil/shared/media/document/AFD-150130-003.pdf and putting into folder /data/dod-2016-basebudget-justification-books/PROCUREMENT/2016/AIRFORCE_SPACE...
curl --url http://www.saffm.hq.af.mil/shared/media/document/AFD-150130-003.pdf --output /data/dod-2016-basebudget-justification-books/PROCUREMENT/2016/AIRFORCE_SPACE/AFD-150130-003.pdf
-------------------------------------------------------------------------------------
----FILE SUCCESSFULLY DOWNLOADED (2615491)----
-------------------------------------------------------------------------------------
Extracting attachments from /data/dod-2016-basebudget-justification-books/PROCUREMENT/2016/AIRFORCE_SPACE/AFD-150130-003.pdf...
Unzipping PROCUREMENT_JustificationBook_Air_Force_PB_2016.zzz...
Unzipping PROCUREMENT_MasterJustificationBook_Air_Force_PB_2016.zzz...
=====================================================================================
Creating folder /data/dod-2016-basebudget-justification-books/PROCUREMENT/2016/ARMY_AIRCRAFT
-------------------------------------------------------------------------------------
Getting http://asafm.army.mil/Documents/OfficeDocuments/Budget/budgetmaterials/fy16/pforms//aircraft.pdf and putting into folder /data/dod-2016-basebudget-justification-books/PROCUREMENT/2016/ARMY_AIRCRAFT...
curl --url http://asafm.army.mil/Documents/OfficeDocuments/Budget/budgetmaterials/fy16/pforms//aircraft.pdf --output /data/dod-2016-basebudget-justification-books/PROCUREMENT/2016/ARMY_AIRCRAFT/aircraft.pdf
-------------------------------------------------------------------------------------
----FILE SUCCESSFULLY DOWNLOADED (3963921)----
-------------------------------------------------------------------------------------
Extracting attachments from /data/dod-2016-basebudget-justification-books/PROCUREMENT/2016/ARMY_AIRCRAFT/aircraft.pdf...
Unzipping PROCUREMENT_JustificationBook_Army_PB_2016.zzz...
=====================================================================================
Creating folder /data/dod-2016-basebudget-justification-books/PROCUREMENT/2016/ARMY_MISSLE
-------------------------------------------------------------------------------------
Getting http://asafm.army.mil/Documents/OfficeDocuments/Budget/budgetmaterials/fy16/pforms//missiles.pdf and putting into folder /data/dod-2016-basebudget-justification-books/PROCUREMENT/2016/ARMY_MISSLE...
curl --url http://asafm.army.mil/Documents/OfficeDocuments/Budget/budgetmaterials/fy16/pforms//missiles.pdf --output /data/dod-2016-basebudget-justification-books/PROCUREMENT/2016/ARMY_MISSLE/missiles.pdf
-------------------------------------------------------------------------------------
----FILE SUCCESSFULLY DOWNLOADED (2148857)----
-------------------------------------------------------------------------------------
Extracting attachments from /data/dod-2016-basebudget-justification-books/PROCUREMENT/2016/ARMY_MISSLE/missiles.pdf...
Unzipping PROCUREMENT_JustificationBook_Army_PB_2016.zzz...
=====================================================================================
Creating folder /data/dod-2016-basebudget-justification-books/PROCUREMENT/2016/ARMY_WTCV
-------------------------------------------------------------------------------------
Getting http://asafm.army.mil/Documents/OfficeDocuments/Budget/budgetmaterials/fy16/pforms//wtcv.pdf and putting into folder /data/dod-2016-basebudget-justification-books/PROCUREMENT/2016/ARMY_WTCV...
curl --url http://asafm.army.mil/Documents/OfficeDocuments/Budget/budgetmaterials/fy16/pforms//wtcv.pdf --output /data/dod-2016-basebudget-justification-books/PROCUREMENT/2016/ARMY_WTCV/wtcv.pdf
-------------------------------------------------------------------------------------
----FILE SUCCESSFULLY DOWNLOADED (2980658)----
-------------------------------------------------------------------------------------
Extracting attachments from /data/dod-2016-basebudget-justification-books/PROCUREMENT/2016/ARMY_WTCV/wtcv.pdf...
Unzipping PROCUREMENT_JustificationBook_Army_PB_2016.zzz...
=====================================================================================
Creating folder /data/dod-2016-basebudget-justification-books/PROCUREMENT/2016/ARMY_AMMO
-------------------------------------------------------------------------------------
Getting http://asafm.army.mil/Documents/OfficeDocuments/Budget/budgetmaterials/fy16/pforms//ammo.pdf and putting into folder /data/dod-2016-basebudget-justification-books/PROCUREMENT/2016/ARMY_AMMO...
curl --url http://asafm.army.mil/Documents/OfficeDocuments/Budget/budgetmaterials/fy16/pforms//ammo.pdf --output /data/dod-2016-basebudget-justification-books/PROCUREMENT/2016/ARMY_AMMO/ammo.pdf
-------------------------------------------------------------------------------------
----FILE SUCCESSFULLY DOWNLOADED (14357693)----
-------------------------------------------------------------------------------------
Extracting attachments from /data/dod-2016-basebudget-justification-books/PROCUREMENT/2016/ARMY_AMMO/ammo.pdf...
=====================================================================================
Creating folder /data/dod-2016-basebudget-justification-books/PROCUREMENT/2016/ARMY_OTHER_1
-------------------------------------------------------------------------------------
Getting http://asafm.army.mil/Documents/OfficeDocuments/Budget/budgetmaterials/fy16/pforms//opa1.pdf and putting into folder /data/dod-2016-basebudget-justification-books/PROCUREMENT/2016/ARMY_OTHER_1...
curl --url http://asafm.army.mil/Documents/OfficeDocuments/Budget/budgetmaterials/fy16/pforms//opa1.pdf --output /data/dod-2016-basebudget-justification-books/PROCUREMENT/2016/ARMY_OTHER_1/opa1.pdf
-------------------------------------------------------------------------------------
----FILE SUCCESSFULLY DOWNLOADED (1591451)----
-------------------------------------------------------------------------------------
Extracting attachments from /data/dod-2016-basebudget-justification-books/PROCUREMENT/2016/ARMY_OTHER_1/opa1.pdf...
Unzipping PROCUREMENT_JustificationBook_Army_PB_2016.zzz...
=====================================================================================
Creating folder /data/dod-2016-basebudget-justification-books/PROCUREMENT/2016/ARMY_OTHER_2
-------------------------------------------------------------------------------------
Getting http://asafm.army.mil/Documents/OfficeDocuments/Budget/budgetmaterials/fy16/pforms//opa2.pdf and putting into folder /data/dod-2016-basebudget-justification-books/PROCUREMENT/2016/ARMY_OTHER_2...
curl --url http://asafm.army.mil/Documents/OfficeDocuments/Budget/budgetmaterials/fy16/pforms//opa2.pdf --output /data/dod-2016-basebudget-justification-books/PROCUREMENT/2016/ARMY_OTHER_2/opa2.pdf
-------------------------------------------------------------------------------------
----FILE SUCCESSFULLY DOWNLOADED (5588503)----
-------------------------------------------------------------------------------------
Extracting attachments from /data/dod-2016-basebudget-justification-books/PROCUREMENT/2016/ARMY_OTHER_2/opa2.pdf...
Unzipping PROCUREMENT_JustificationBook_Army_PB_2016.zzz...
=====================================================================================
Creating folder /data/dod-2016-basebudget-justification-books/PROCUREMENT/2016/ARMY_OTHER_3-4
-------------------------------------------------------------------------------------
Getting http://asafm.army.mil/Documents/OfficeDocuments/Budget/budgetmaterials/fy16/pforms//opa34.pdf and putting into folder /data/dod-2016-basebudget-justification-books/PROCUREMENT/2016/ARMY_OTHER_3-4...
curl --url http://asafm.army.mil/Documents/OfficeDocuments/Budget/budgetmaterials/fy16/pforms//opa34.pdf --output /data/dod-2016-basebudget-justification-books/PROCUREMENT/2016/ARMY_OTHER_3-4/opa34.pdf
-------------------------------------------------------------------------------------
----FILE SUCCESSFULLY DOWNLOADED (5013992)----
-------------------------------------------------------------------------------------
Extracting attachments from /data/dod-2016-basebudget-justification-books/PROCUREMENT/2016/ARMY_OTHER_3-4/opa34.pdf...
Unzipping PROCUREMENT_JustificationBook_Army_PB_2016.zzz...
=====================================================================================
Creating folder /data/dod-2016-basebudget-justification-books/RDTE/2016/NAVY_BA1_3
-------------------------------------------------------------------------------------
Getting http://www.finance.hq.navy.mil/FMB/16pres/RDTEN_BA1-3_BOOK.pdf and putting into folder /data/dod-2016-basebudget-justification-books/RDTE/2016/NAVY_BA1_3...
curl --url http://www.finance.hq.navy.mil/FMB/16pres/RDTEN_BA1-3_BOOK.pdf --output /data/dod-2016-basebudget-justification-books/RDTE/2016/NAVY_BA1_3/RDTEN_BA1-3_BOOK.pdf
-------------------------------------------------------------------------------------
----FILE SUCCESSFULLY DOWNLOADED (25557895)----
-------------------------------------------------------------------------------------
Extracting attachments from /data/dod-2016-basebudget-justification-books/RDTE/2016/NAVY_BA1_3/RDTEN_BA1-3_BOOK.pdf...
Unzipping RDTE_JustificationBook_Navy_PB_2016.zzz...
Unzipping RDTE_MasterJustificationBook_Navy_PB_2016.zzz...
=====================================================================================
Creating folder /data/dod-2016-basebudget-justification-books/RDTE/2016/NAVY_BA4
-------------------------------------------------------------------------------------
Getting http://www.finance.hq.navy.mil/FMB/16pres/RDTEN_BA4_book.pdf and putting into folder /data/dod-2016-basebudget-justification-books/RDTE/2016/NAVY_BA4...
curl --url http://www.finance.hq.navy.mil/FMB/16pres/RDTEN_BA4_book.pdf --output /data/dod-2016-basebudget-justification-books/RDTE/2016/NAVY_BA4/RDTEN_BA4_book.pdf
-------------------------------------------------------------------------------------
----FILE SUCCESSFULLY DOWNLOADED (37249314)----
-------------------------------------------------------------------------------------
Extracting attachments from /data/dod-2016-basebudget-justification-books/RDTE/2016/NAVY_BA4/RDTEN_BA4_book.pdf...
Unzipping RDTE_JustificationBook_Navy_PB_2016.zzz...
Unzipping RDTE_MasterJustificationBook_Navy_PB_2016.zzz...
=====================================================================================
Creating folder /data/dod-2016-basebudget-justification-books/RDTE/2016/NAVY_BA5
-------------------------------------------------------------------------------------
Getting http://www.finance.hq.navy.mil/FMB/16pres/RDTEN_BA5_book.pdf and putting into folder /data/dod-2016-basebudget-justification-books/RDTE/2016/NAVY_BA5...
curl --url http://www.finance.hq.navy.mil/FMB/16pres/RDTEN_BA5_book.pdf --output /data/dod-2016-basebudget-justification-books/RDTE/2016/NAVY_BA5/RDTEN_BA5_book.pdf
-------------------------------------------------------------------------------------
----FILE SUCCESSFULLY DOWNLOADED (46756348)----
-------------------------------------------------------------------------------------
Extracting attachments from /data/dod-2016-basebudget-justification-books/RDTE/2016/NAVY_BA5/RDTEN_BA5_book.pdf...
Unzipping RDTE_JustificationBook_Navy_PB_2016.zzz...
Unzipping RDTE_MasterJustificationBook_Navy_PB_2016.zzz...
=====================================================================================
Creating folder /data/dod-2016-basebudget-justification-books/RDTE/2016/NAVY_BA6
-------------------------------------------------------------------------------------
Getting http://www.finance.hq.navy.mil/FMB/16pres/RDTEN_BA6_book.pdf and putting into folder /data/dod-2016-basebudget-justification-books/RDTE/2016/NAVY_BA6...
curl --url http://www.finance.hq.navy.mil/FMB/16pres/RDTEN_BA6_book.pdf --output /data/dod-2016-basebudget-justification-books/RDTE/2016/NAVY_BA6/RDTEN_BA6_book.pdf
-------------------------------------------------------------------------------------
----FILE SUCCESSFULLY DOWNLOADED (24583251)----
-------------------------------------------------------------------------------------
Extracting attachments from /data/dod-2016-basebudget-justification-books/RDTE/2016/NAVY_BA6/RDTEN_BA6_book.pdf...
Unzipping RDTE_JustificationBook_Navy_PB_2016.zzz...
Unzipping RDTE_MasterJustificationBook_Navy_PB_2016.zzz...
=====================================================================================
Creating folder /data/dod-2016-basebudget-justification-books/RDTE/2016/NAVY_BA7
-------------------------------------------------------------------------------------
Getting http://www.finance.hq.navy.mil/FMB/16pres/RDTEN_BA7_book.pdf and putting into folder /data/dod-2016-basebudget-justification-books/RDTE/2016/NAVY_BA7...
curl --url http://www.finance.hq.navy.mil/FMB/16pres/RDTEN_BA7_book.pdf --output /data/dod-2016-basebudget-justification-books/RDTE/2016/NAVY_BA7/RDTEN_BA7_book.pdf
-------------------------------------------------------------------------------------
----FILE SUCCESSFULLY DOWNLOADED (46345886)----
-------------------------------------------------------------------------------------
Extracting attachments from /data/dod-2016-basebudget-justification-books/RDTE/2016/NAVY_BA7/RDTEN_BA7_book.pdf...
Unzipping RDTE_JustificationBook_Navy_PB_2016.zzz...
Unzipping RDTE_MasterJustificationBook_Navy_PB_2016.zzz...
=====================================================================================
Creating folder /data/dod-2016-basebudget-justification-books/RDTE/2016/AIRFORCE_V1
-------------------------------------------------------------------------------------
Getting http://www.saffm.hq.af.mil/shared/media/document/AFD-150130-011.pdf and putting into folder /data/dod-2016-basebudget-justification-books/RDTE/2016/AIRFORCE_V1...
curl --url http://www.saffm.hq.af.mil/shared/media/document/AFD-150130-011.pdf --output /data/dod-2016-basebudget-justification-books/RDTE/2016/AIRFORCE_V1/AFD-150130-011.pdf
-------------------------------------------------------------------------------------
----FILE SUCCESSFULLY DOWNLOADED (5129328)----
-------------------------------------------------------------------------------------
Extracting attachments from /data/dod-2016-basebudget-justification-books/RDTE/2016/AIRFORCE_V1/AFD-150130-011.pdf...
Unzipping RDTE_JustificationBook_Air_Force_PB_2016.zzz...
Unzipping RDTE_MasterJustificationBook_Air_Force_PB_2016.zzz...
=====================================================================================
Creating folder /data/dod-2016-basebudget-justification-books/RDTE/2016/AIRFORCE_V2
-------------------------------------------------------------------------------------
Getting http://www.saffm.hq.af.mil/shared/media/document/AFD-150130-013.pdf and putting into folder /data/dod-2016-basebudget-justification-books/RDTE/2016/AIRFORCE_V2...
curl --url http://www.saffm.hq.af.mil/shared/media/document/AFD-150130-013.pdf --output /data/dod-2016-basebudget-justification-books/RDTE/2016/AIRFORCE_V2/AFD-150130-013.pdf
-------------------------------------------------------------------------------------
----FILE SUCCESSFULLY DOWNLOADED (8674854)----
-------------------------------------------------------------------------------------
Extracting attachments from /data/dod-2016-basebudget-justification-books/RDTE/2016/AIRFORCE_V2/AFD-150130-013.pdf...
Unzipping RDTE_JustificationBook_Air_Force_PB_2016.zzz...
Unzipping RDTE_MasterJustificationBook_Air_Force_PB_2016.zzz...
=====================================================================================
Creating folder /data/dod-2016-basebudget-justification-books/RDTE/2016/AIRFORCE_V3A
-------------------------------------------------------------------------------------
Getting http://www.saffm.hq.af.mil/shared/media/document/AFD-150130-014.pdf and putting into folder /data/dod-2016-basebudget-justification-books/RDTE/2016/AIRFORCE_V3A...
curl --url http://www.saffm.hq.af.mil/shared/media/document/AFD-150130-014.pdf --output /data/dod-2016-basebudget-justification-books/RDTE/2016/AIRFORCE_V3A/AFD-150130-014.pdf
-------------------------------------------------------------------------------------
----FILE SUCCESSFULLY DOWNLOADED (7639398)----
-------------------------------------------------------------------------------------
Extracting attachments from /data/dod-2016-basebudget-justification-books/RDTE/2016/AIRFORCE_V3A/AFD-150130-014.pdf...
Unzipping RDTE_JustificationBook_Air_Force_PB_2016.zzz...
Unzipping RDTE_MasterJustificationBook_Air_Force_PB_2016.zzz...
=====================================================================================
Creating folder /data/dod-2016-basebudget-justification-books/RDTE/2016/AIRFORCE_V3B
-------------------------------------------------------------------------------------
Getting http://www.saffm.hq.af.mil/shared/media/document/AFD-150130-016.pdf and putting into folder /data/dod-2016-basebudget-justification-books/RDTE/2016/AIRFORCE_V3B...
curl --url http://www.saffm.hq.af.mil/shared/media/document/AFD-150130-016.pdf --output /data/dod-2016-basebudget-justification-books/RDTE/2016/AIRFORCE_V3B/AFD-150130-016.pdf
-------------------------------------------------------------------------------------
----FILE SUCCESSFULLY DOWNLOADED (7935765)----
-------------------------------------------------------------------------------------
Extracting attachments from /data/dod-2016-basebudget-justification-books/RDTE/2016/AIRFORCE_V3B/AFD-150130-016.pdf...
Unzipping RDTE_JustificationBook_Air_Force_PB_2016.zzz...
Unzipping RDTE_MasterJustificationBook_Air_Force_PB_2016.zzz...
=====================================================================================
Creating folder /data/dod-2016-basebudget-justification-books/RDTE/2016/ARMY_BA1
-------------------------------------------------------------------------------------
Getting http://asafm.army.mil/Documents/OfficeDocuments/Budget/budgetmaterials/fy16/rforms//vol1.pdf and putting into folder /data/dod-2016-basebudget-justification-books/RDTE/2016/ARMY_BA1...
curl --url http://asafm.army.mil/Documents/OfficeDocuments/Budget/budgetmaterials/fy16/rforms//vol1.pdf --output /data/dod-2016-basebudget-justification-books/RDTE/2016/ARMY_BA1/vol1.pdf
-------------------------------------------------------------------------------------
----FILE SUCCESSFULLY DOWNLOADED (1790845)----
-------------------------------------------------------------------------------------
Extracting attachments from /data/dod-2016-basebudget-justification-books/RDTE/2016/ARMY_BA1/vol1.pdf...
Unzipping RDTE_JustificationBook_Army_PB_2016.zzz...
=====================================================================================
Creating folder /data/dod-2016-basebudget-justification-books/RDTE/2016/ARMY_BA2
-------------------------------------------------------------------------------------
Getting http://asafm.army.mil/Documents/OfficeDocuments/Budget/budgetmaterials/fy16/rforms//vol2.pdf and putting into folder /data/dod-2016-basebudget-justification-books/RDTE/2016/ARMY_BA2...
curl --url http://asafm.army.mil/Documents/OfficeDocuments/Budget/budgetmaterials/fy16/rforms//vol2.pdf --output /data/dod-2016-basebudget-justification-books/RDTE/2016/ARMY_BA2/vol2.pdf
-------------------------------------------------------------------------------------
----FILE SUCCESSFULLY DOWNLOADED (2443669)----
-------------------------------------------------------------------------------------
Extracting attachments from /data/dod-2016-basebudget-justification-books/RDTE/2016/ARMY_BA2/vol2.pdf...
Unzipping RDTE_JustificationBook_Army_PB_2016.zzz...
=====================================================================================
Creating folder /data/dod-2016-basebudget-justification-books/RDTE/2016/ARMY_BA3
-------------------------------------------------------------------------------------
Getting http://asafm.army.mil/Documents/OfficeDocuments/Budget/budgetmaterials/fy16/rforms//vol3.pdf and putting into folder /data/dod-2016-basebudget-justification-books/RDTE/2016/ARMY_BA3...
curl --url http://asafm.army.mil/Documents/OfficeDocuments/Budget/budgetmaterials/fy16/rforms//vol3.pdf --output /data/dod-2016-basebudget-justification-books/RDTE/2016/ARMY_BA3/vol3.pdf
-------------------------------------------------------------------------------------
----FILE SUCCESSFULLY DOWNLOADED (2173800)----
-------------------------------------------------------------------------------------
Extracting attachments from /data/dod-2016-basebudget-justification-books/RDTE/2016/ARMY_BA3/vol3.pdf...
Unzipping RDTE_JustificationBook_Army_PB_2016.zzz...
=====================================================================================
Creating folder /data/dod-2016-basebudget-justification-books/RDTE/2016/ARMY_BA4
-------------------------------------------------------------------------------------
Getting http://asafm.army.mil/Documents/OfficeDocuments/Budget/budgetmaterials/fy16/rforms//vol4.pdf and putting into folder /data/dod-2016-basebudget-justification-books/RDTE/2016/ARMY_BA4...
curl --url http://asafm.army.mil/Documents/OfficeDocuments/Budget/budgetmaterials/fy16/rforms//vol4.pdf --output /data/dod-2016-basebudget-justification-books/RDTE/2016/ARMY_BA4/vol4.pdf
-------------------------------------------------------------------------------------
----FILE SUCCESSFULLY DOWNLOADED (6350808)----
-------------------------------------------------------------------------------------
Extracting attachments from /data/dod-2016-basebudget-justification-books/RDTE/2016/ARMY_BA4/vol4.pdf...
Unzipping RDTE_JustificationBook_Army_PB_2016.zzz...
=====================================================================================
Creating folder /data/dod-2016-basebudget-justification-books/RDTE/2016/ARMY_BA5A
-------------------------------------------------------------------------------------
Getting http://asafm.army.mil/Documents/OfficeDocuments/Budget/budgetmaterials/fy16/rforms//vol5a.pdf and putting into folder /data/dod-2016-basebudget-justification-books/RDTE/2016/ARMY_BA5A...
curl --url http://asafm.army.mil/Documents/OfficeDocuments/Budget/budgetmaterials/fy16/rforms//vol5a.pdf --output /data/dod-2016-basebudget-justification-books/RDTE/2016/ARMY_BA5A/vol5a.pdf
-------------------------------------------------------------------------------------
----FILE SUCCESSFULLY DOWNLOADED (14715718)----
-------------------------------------------------------------------------------------
Extracting attachments from /data/dod-2016-basebudget-justification-books/RDTE/2016/ARMY_BA5A/vol5a.pdf...
Unzipping RDTE_JustificationBook_Army_PB_2016.zzz...
=====================================================================================
Creating folder /data/dod-2016-basebudget-justification-books/RDTE/2016/ARMY_BA5B
-------------------------------------------------------------------------------------
Getting http://asafm.army.mil/Documents/OfficeDocuments/Budget/budgetmaterials/fy16/rforms//vol5b.pdf and putting into folder /data/dod-2016-basebudget-justification-books/RDTE/2016/ARMY_BA5B...
curl --url http://asafm.army.mil/Documents/OfficeDocuments/Budget/budgetmaterials/fy16/rforms//vol5b.pdf --output /data/dod-2016-basebudget-justification-books/RDTE/2016/ARMY_BA5B/vol5b.pdf
-------------------------------------------------------------------------------------
----FILE SUCCESSFULLY DOWNLOADED (15089579)----
-------------------------------------------------------------------------------------
Extracting attachments from /data/dod-2016-basebudget-justification-books/RDTE/2016/ARMY_BA5B/vol5b.pdf...
Unzipping RDTE_JustificationBook_Army_PB_2016.zzz...
=====================================================================================
Creating folder /data/dod-2016-basebudget-justification-books/RDTE/2016/ARMY_BA6
-------------------------------------------------------------------------------------
Getting http://asafm.army.mil/Documents/OfficeDocuments/Budget/budgetmaterials/fy16/rforms//vol6.pdf and putting into folder /data/dod-2016-basebudget-justification-books/RDTE/2016/ARMY_BA6...
curl --url http://asafm.army.mil/Documents/OfficeDocuments/Budget/budgetmaterials/fy16/rforms//vol6.pdf --output /data/dod-2016-basebudget-justification-books/RDTE/2016/ARMY_BA6/vol6.pdf
-------------------------------------------------------------------------------------
----FILE SUCCESSFULLY DOWNLOADED (2020678)----
-------------------------------------------------------------------------------------
Extracting attachments from /data/dod-2016-basebudget-justification-books/RDTE/2016/ARMY_BA6/vol6.pdf...
Unzipping RDTE_JustificationBook_Army_PB_2016.zzz...
=====================================================================================
Creating folder /data/dod-2016-basebudget-justification-books/RDTE/2016/ARMY_BA7
-------------------------------------------------------------------------------------
Getting http://asafm.army.mil/Documents/OfficeDocuments/Budget/budgetmaterials/fy16/rforms//vol7.pdf and putting into folder /data/dod-2016-basebudget-justification-books/RDTE/2016/ARMY_BA7...
curl --url http://asafm.army.mil/Documents/OfficeDocuments/Budget/budgetmaterials/fy16/rforms//vol7.pdf --output /data/dod-2016-basebudget-justification-books/RDTE/2016/ARMY_BA7/vol7.pdf
-------------------------------------------------------------------------------------
----FILE SUCCESSFULLY DOWNLOADED (7729355)----
-------------------------------------------------------------------------------------
Extracting attachments from /data/dod-2016-basebudget-justification-books/RDTE/2016/ARMY_BA7/vol7.pdf...
Unzipping RDTE_JustificationBook_Army_PB_2016.zzz...
=====================================================================================
