=====================================================================================
Removing folder PROCUREMENT and creating new one...
Removing folder RDTE and creating new one...
=====================================================================================
Preparing to download files...
Creating folder /data/dod-2016-basebudget-justification-books/PROCUREMENT/2016/NAVY_AIRCRAFT_BA1-4
-------------------------------------------------------------------------------------
Getting http://www.finance.hq.navy.mil/fmb/16pres/APN_BA1-4_BOOK.pdf and putting into folder /data/dod-2016-basebudget-justification-books/PROCUREMENT/2016/NAVY_AIRCRAFT_BA1-4...
curl --url http://www.finance.hq.navy.mil/fmb/16pres/APN_BA1-4_BOOK.pdf --output /data/dod-2016-basebudget-justification-books/PROCUREMENT/2016/NAVY_AIRCRAFT_BA1-4/APN_BA1-4_BOOK.pdf
-------------------------------------------------------------------------------------
----FILE SUCCESSFULLY DOWNLOADED (5403490)----
-------------------------------------------------------------------------------------
Extracting attachments from /data/dod-2016-basebudget-justification-books/PROCUREMENT/2016/NAVY_AIRCRAFT_BA1-4/APN_BA1-4_BOOK.pdf...
Unzipping PROCUREMENT_JustificationBook_Navy_PB_2016.zzz...
Unzipping PROCUREMENT_MasterJustificationBook_Navy_PB_2016.zzz...
=====================================================================================
Creating folder /data/dod-2016-basebudget-justification-books/PROCUREMENT/2016/NAVY_AIRCRAFT_BA5
-------------------------------------------------------------------------------------
Getting http://www.finance.hq.navy.mil/fmb/16pres/APN_BA5_BOOK.pdf and putting into folder /data/dod-2016-basebudget-justification-books/PROCUREMENT/2016/NAVY_AIRCRAFT_BA5...
curl --url http://www.finance.hq.navy.mil/fmb/16pres/APN_BA5_BOOK.pdf --output /data/dod-2016-basebudget-justification-books/PROCUREMENT/2016/NAVY_AIRCRAFT_BA5/APN_BA5_BOOK.pdf
-------------------------------------------------------------------------------------
----FILE SUCCESSFULLY DOWNLOADED (15371341)----
-------------------------------------------------------------------------------------
Extracting attachments from /data/dod-2016-basebudget-justification-books/PROCUREMENT/2016/NAVY_AIRCRAFT_BA5/APN_BA5_BOOK.pdf...
Unzipping PROCUREMENT_JustificationBook_Navy_PB_2016.zzz...
Unzipping PROCUREMENT_MasterJustificationBook_Navy_PB_2016.zzz...
=====================================================================================
Creating folder /data/dod-2016-basebudget-justification-books/PROCUREMENT/2016/NAVY_AIRCRAFT_BA7
-------------------------------------------------------------------------------------
Getting http://www.finance.hq.navy.mil/fmb/16pres/APN_BA7_BOOK.pdf and putting into folder /data/dod-2016-basebudget-justification-books/PROCUREMENT/2016/NAVY_AIRCRAFT_BA7...
curl --url http://www.finance.hq.navy.mil/fmb/16pres/APN_BA7_BOOK.pdf --output /data/dod-2016-basebudget-justification-books/PROCUREMENT/2016/NAVY_AIRCRAFT_BA7/APN_BA7_BOOK.pdf
-------------------------------------------------------------------------------------
----FILE SUCCESSFULLY DOWNLOADED (3823531)----
-------------------------------------------------------------------------------------
Extracting attachments from /data/dod-2016-basebudget-justification-books/PROCUREMENT/2016/NAVY_AIRCRAFT_BA7/APN_BA7_BOOK.pdf...
Unzipping PROCUREMENT_JustificationBook_Navy_PB_2016.zzz...
Unzipping PROCUREMENT_MasterJustificationBook_Navy_PB_2016.zzz...
=====================================================================================
Creating folder /data/dod-2016-basebudget-justification-books/PROCUREMENT/2016/NAVY_WEAPONS
-------------------------------------------------------------------------------------
Getting http://www.finance.hq.navy.mil/fmb/16pres/WPN_BOOK.PDF and putting into folder /data/dod-2016-basebudget-justification-books/PROCUREMENT/2016/NAVY_WEAPONS...
curl --url http://www.finance.hq.navy.mil/fmb/16pres/WPN_BOOK.PDF --output /data/dod-2016-basebudget-justification-books/PROCUREMENT/2016/NAVY_WEAPONS/WPN_BOOK.PDF
-------------------------------------------------------------------------------------
----FILE SUCCESSFULLY DOWNLOADED (5955349)----
-------------------------------------------------------------------------------------
Extracting attachments from /data/dod-2016-basebudget-justification-books/PROCUREMENT/2016/NAVY_WEAPONS/WPN_BOOK.PDF...
Unzipping PROCUREMENT_JustificationBook_Navy_PB_2016.zzz...
Unzipping PROCUREMENT_MasterJustificationBook_Navy_PB_2016.zzz...
=====================================================================================
Creating folder /data/dod-2016-basebudget-justification-books/PROCUREMENT/2016/NAVY_SHIPBUILDINGANDCOVERSION
-------------------------------------------------------------------------------------
Getting http://www.finance.hq.navy.mil/fmb/16pres/SCN_BOOK.pdf and putting into folder /data/dod-2016-basebudget-justification-books/PROCUREMENT/2016/NAVY_SHIPBUILDINGANDCOVERSION...
curl --url http://www.finance.hq.navy.mil/fmb/16pres/SCN_BOOK.pdf --output /data/dod-2016-basebudget-justification-books/PROCUREMENT/2016/NAVY_SHIPBUILDINGANDCOVERSION/SCN_BOOK.pdf
-------------------------------------------------------------------------------------
----FILE SUCCESSFULLY DOWNLOADED (709137)----
-------------------------------------------------------------------------------------
Extracting attachments from /data/dod-2016-basebudget-justification-books/PROCUREMENT/2016/NAVY_SHIPBUILDINGANDCOVERSION/SCN_BOOK.pdf...
=====================================================================================
Creating folder /data/dod-2016-basebudget-justification-books/PROCUREMENT/2016/NAVY_OTHER_BA1
-------------------------------------------------------------------------------------
Getting http://www.finance.hq.navy.mil/fmb/16pres/OPN_BA1_BOOK.pdf and putting into folder /data/dod-2016-basebudget-justification-books/PROCUREMENT/2016/NAVY_OTHER_BA1...
curl --url http://www.finance.hq.navy.mil/fmb/16pres/OPN_BA1_BOOK.pdf --output /data/dod-2016-basebudget-justification-books/PROCUREMENT/2016/NAVY_OTHER_BA1/OPN_BA1_BOOK.pdf
-------------------------------------------------------------------------------------
****ERROR DOWNLOADING FILE! () ****
-------------------------------------------------------------------------------------
curl --url http://www.finance.hq.navy.mil/fmb/16pres/OPN_BA1_BOOK.pdf --output /data/dod-2016-basebudget-justification-books/PROCUREMENT/2016/NAVY_OTHER_BA1/OPN_BA1_BOOK.pdf
-------------------------------------------------------------------------------------
****ERROR DOWNLOADING FILE! () ****
-------------------------------------------------------------------------------------
